<?xml version="1.0" encoding="UTF-8"?>
<testsuite xmlns:xsi="http://www.w3.org/2001/XMLSchema-instance" xsi:noNamespaceSchemaLocation="https://maven.apache.org/surefire/maven-surefire-plugin/xsd/surefire-test-report.xsd" name="eu.druglogics.synergy.InputFileIDsTest" time="0.002" tests="1" errors="0" skipped="0" failures="0">
  <properties>
    <property name="sun.desktop" value="gnome"/>
    <property name="awt.toolkit" value="sun.awt.X11.XToolkit"/>
    <property name="java.specification.version" value="11"/>
    <property name="sun.cpu.isalist" value=""/>
    <property name="sun.jnu.encoding" value="UTF-8"/>
    <property name="java.class.path" value="/home/theahettasch/.m2/repository/org/apache/maven/surefire/surefire-booter/2.22.1/surefire-booter-2.22.1.jar:/home/theahettasch/.m2/repository/org/apache/maven/surefire/surefire-api/2.22.1/surefire-api-2.22.1.jar:/home/theahettasch/.m2/repository/org/apache/maven/surefire/surefire-logger-api/2.22.1/surefire-logger-api-2.22.1.jar:/home/theahettasch/druglogics-synergy/target/test-classes:/home/theahettasch/druglogics-synergy/target/classes:/home/theahettasch/.m2/repository/eu/druglogics/gitsbe/1.3.1/gitsbe-1.3.1.jar:/home/theahettasch/.m2/repository/org/apache/commons/commons-lang3/3.9/commons-lang3-3.9.jar:/home/theahettasch/.m2/repository/com/beust/jcommander/1.72/jcommander-1.72.jar:/home/theahettasch/.m2/repository/org/rauschig/jarchivelib/1.0.0/jarchivelib-1.0.0.jar:/home/theahettasch/.m2/repository/org/apache/commons/commons-compress/1.18/commons-compress-1.18.jar:/home/theahettasch/.m2/repository/org/colomoto/bioLQM/0.7.1/bioLQM-0.7.1.jar:/home/theahettasch/.m2/repository/org/colomoto/MDDlib/0.4.1/MDDlib-0.4.1.jar:/home/theahettasch/.m2/repository/org/sbml/jsbml/jsbml/1.4/jsbml-1.4.jar:/home/theahettasch/.m2/repository/org/sbml/jsbml/jsbml-core/1.4/jsbml-core-1.4.jar:/home/theahettasch/.m2/repository/org/apache/logging/log4j/log4j-core/2.3/log4j-core-2.3.jar:/home/theahettasch/.m2/repository/org/apache/logging/log4j/log4j-api/2.3/log4j-api-2.3.jar:/home/theahettasch/.m2/repository/org/apache/logging/log4j/log4j-1.2-api/2.3/log4j-1.2-api-2.3.jar:/home/theahettasch/.m2/repository/com/fasterxml/woodstox/woodstox-core/5.0.1/woodstox-core-5.0.1.jar:/home/theahettasch/.m2/repository/org/codehaus/woodstox/stax2-api/3.1.4/stax2-api-3.1.4.jar:/home/theahettasch/.m2/repository/org/w3c/jigsaw/jigsaw/2.2.6/jigsaw-2.2.6.jar:/home/theahettasch/.m2/repository/org/biojava/biojava-ontology/4.0.0/biojava-ontology-4.0.0.jar:/home/theahettasch/.m2/repository/org/slf4j/slf4j-api/1.7.10/slf4j-api-1.7.10.jar:/home/theahettasch/.m2/repository/org/apache/logging/log4j/log4j-slf4j-impl/2.1/log4j-slf4j-impl-2.1.jar:/home/theahettasch/.m2/repository/com/thoughtworks/xstream/xstream/1.3.1/xstream-1.3.1.jar:/home/theahettasch/.m2/repository/xpp3/xpp3_min/1.1.4c/xpp3_min-1.1.4c.jar:/home/theahettasch/.m2/repository/com/fasterxml/staxmate/staxmate/2.3.0/staxmate-2.3.0.jar:/home/theahettasch/.m2/repository/com/googlecode/json-simple/json-simple/1.1.1/json-simple-1.1.1.jar:/home/theahettasch/.m2/repository/org/sbml/jsbml/ext/jsbml-arrays/1.4/jsbml-arrays-1.4.jar:/home/theahettasch/.m2/repository/org/sbml/jsbml/ext/jsbml-comp/1.4/jsbml-comp-1.4.jar:/home/theahettasch/.m2/repository/org/sbml/jsbml/ext/jsbml-distrib/1.3.1/jsbml-distrib-1.3.1.jar:/home/theahettasch/.m2/repository/org/sbml/jsbml/ext/jsbml-dyn/1.4/jsbml-dyn-1.4.jar:/home/theahettasch/.m2/repository/org/sbml/jsbml/ext/jsbml-fbc/1.4/jsbml-fbc-1.4.jar:/home/theahettasch/.m2/repository/org/sbml/jsbml/ext/jsbml-groups/1.4/jsbml-groups-1.4.jar:/home/theahettasch/.m2/repository/org/sbml/jsbml/ext/jsbml-layout/1.4/jsbml-layout-1.4.jar:/home/theahettasch/.m2/repository/org/sbml/jsbml/ext/jsbml-multi/1.4/jsbml-multi-1.4.jar:/home/theahettasch/.m2/repository/org/sbml/jsbml/ext/jsbml-qual/1.4/jsbml-qual-1.4.jar:/home/theahettasch/.m2/repository/org/sbml/jsbml/ext/jsbml-render/1.4/jsbml-render-1.4.jar:/home/theahettasch/.m2/repository/org/sbml/jsbml/ext/jsbml-req/1.4/jsbml-req-1.4.jar:/home/theahettasch/.m2/repository/org/sbml/jsbml/ext/jsbml-spatial/1.4/jsbml-spatial-1.4.jar:/home/theahettasch/.m2/repository/org/sbml/jsbml/modules/jsbml-tidy/1.4/jsbml-tidy-1.4.jar:/home/theahettasch/.m2/repository/net/sf/jtidy/jtidy/r938/jtidy-r938.jar:/home/theahettasch/.m2/repository/org/antlr/antlr4-runtime/4.8/antlr4-runtime-4.8.jar:/home/theahettasch/.m2/repository/de/fosd/typechef/javabdd_repackaged/1.0b2/javabdd_repackaged-1.0b2.jar:/home/theahettasch/.m2/repository/org/scala-lang/scala-library/2.10.3/scala-library-2.10.3.jar:/home/theahettasch/.m2/repository/org/ow2/sat4j/org.ow2.sat4j.core/2.3.5/org.ow2.sat4j.core-2.3.5.jar:/home/theahettasch/.m2/repository/eu/druglogics/drabme/1.2.1/drabme-1.2.1.jar:/home/theahettasch/.m2/repository/com/googlecode/combinatoricslib/combinatoricslib/2.3/combinatoricslib-2.3.jar:/home/theahettasch/.m2/repository/org/junit/platform/junit-platform-launcher/1.5.2/junit-platform-launcher-1.5.2.jar:/home/theahettasch/.m2/repository/org/apiguardian/apiguardian-api/1.1.0/apiguardian-api-1.1.0.jar:/home/theahettasch/.m2/repository/org/junit/platform/junit-platform-engine/1.5.2/junit-platform-engine-1.5.2.jar:/home/theahettasch/.m2/repository/org/opentest4j/opentest4j/1.2.0/opentest4j-1.2.0.jar:/home/theahettasch/.m2/repository/org/junit/platform/junit-platform-commons/1.5.2/junit-platform-commons-1.5.2.jar:/home/theahettasch/.m2/repository/org/junit/jupiter/junit-jupiter-engine/5.5.2/junit-jupiter-engine-5.5.2.jar:/home/theahettasch/.m2/repository/org/junit/jupiter/junit-jupiter-api/5.5.2/junit-jupiter-api-5.5.2.jar:/home/theahettasch/.m2/repository/org/junit/vintage/junit-vintage-engine/5.5.2/junit-vintage-engine-5.5.2.jar:/home/theahettasch/.m2/repository/junit/junit/4.12/junit-4.12.jar:/home/theahettasch/.m2/repository/org/hamcrest/hamcrest-core/1.3/hamcrest-core-1.3.jar:/home/theahettasch/.m2/repository/org/apache/maven/surefire/surefire-junit-platform/2.22.1/surefire-junit-platform-2.22.1.jar"/>
    <property name="java.vm.vendor" value="Ubuntu"/>
    <property name="sun.arch.data.model" value="64"/>
    <property name="java.vendor.url" value="https://ubuntu.com/"/>
    <property name="user.timezone" value=""/>
    <property name="java.vm.specification.version" value="11"/>
    <property name="os.name" value="Linux"/>
    <property name="sun.java.launcher" value="SUN_STANDARD"/>
    <property name="user.country" value="US"/>
    <property name="sun.boot.library.path" value="/usr/lib/jvm/java-11-openjdk-amd64/lib"/>
    <property name="sun.java.command" value="org.apache.maven.surefire.booter.ForkedBooter /home/theahettasch/druglogics-synergy/target/surefire 2022-03-17T08-31-02_816-jvmRun1 surefire13666079530569507881tmp surefire_02002589280530929534tmp"/>
    <property name="jdk.debug" value="release"/>
    <property name="surefire.test.class.path" value="/home/theahettasch/druglogics-synergy/target/test-classes:/home/theahettasch/druglogics-synergy/target/classes:/home/theahettasch/.m2/repository/eu/druglogics/gitsbe/1.3.1/gitsbe-1.3.1.jar:/home/theahettasch/.m2/repository/org/apache/commons/commons-lang3/3.9/commons-lang3-3.9.jar:/home/theahettasch/.m2/repository/com/beust/jcommander/1.72/jcommander-1.72.jar:/home/theahettasch/.m2/repository/org/rauschig/jarchivelib/1.0.0/jarchivelib-1.0.0.jar:/home/theahettasch/.m2/repository/org/apache/commons/commons-compress/1.18/commons-compress-1.18.jar:/home/theahettasch/.m2/repository/org/colomoto/bioLQM/0.7.1/bioLQM-0.7.1.jar:/home/theahettasch/.m2/repository/org/colomoto/MDDlib/0.4.1/MDDlib-0.4.1.jar:/home/theahettasch/.m2/repository/org/sbml/jsbml/jsbml/1.4/jsbml-1.4.jar:/home/theahettasch/.m2/repository/org/sbml/jsbml/jsbml-core/1.4/jsbml-core-1.4.jar:/home/theahettasch/.m2/repository/org/apache/logging/log4j/log4j-core/2.3/log4j-core-2.3.jar:/home/theahettasch/.m2/repository/org/apache/logging/log4j/log4j-api/2.3/log4j-api-2.3.jar:/home/theahettasch/.m2/repository/org/apache/logging/log4j/log4j-1.2-api/2.3/log4j-1.2-api-2.3.jar:/home/theahettasch/.m2/repository/com/fasterxml/woodstox/woodstox-core/5.0.1/woodstox-core-5.0.1.jar:/home/theahettasch/.m2/repository/org/codehaus/woodstox/stax2-api/3.1.4/stax2-api-3.1.4.jar:/home/theahettasch/.m2/repository/org/w3c/jigsaw/jigsaw/2.2.6/jigsaw-2.2.6.jar:/home/theahettasch/.m2/repository/org/biojava/biojava-ontology/4.0.0/biojava-ontology-4.0.0.jar:/home/theahettasch/.m2/repository/org/slf4j/slf4j-api/1.7.10/slf4j-api-1.7.10.jar:/home/theahettasch/.m2/repository/org/apache/logging/log4j/log4j-slf4j-impl/2.1/log4j-slf4j-impl-2.1.jar:/home/theahettasch/.m2/repository/com/thoughtworks/xstream/xstream/1.3.1/xstream-1.3.1.jar:/home/theahettasch/.m2/repository/xpp3/xpp3_min/1.1.4c/xpp3_min-1.1.4c.jar:/home/theahettasch/.m2/repository/com/fasterxml/staxmate/staxmate/2.3.0/staxmate-2.3.0.jar:/home/theahettasch/.m2/repository/com/googlecode/json-simple/json-simple/1.1.1/json-simple-1.1.1.jar:/home/theahettasch/.m2/repository/org/sbml/jsbml/ext/jsbml-arrays/1.4/jsbml-arrays-1.4.jar:/home/theahettasch/.m2/repository/org/sbml/jsbml/ext/jsbml-comp/1.4/jsbml-comp-1.4.jar:/home/theahettasch/.m2/repository/org/sbml/jsbml/ext/jsbml-distrib/1.3.1/jsbml-distrib-1.3.1.jar:/home/theahettasch/.m2/repository/org/sbml/jsbml/ext/jsbml-dyn/1.4/jsbml-dyn-1.4.jar:/home/theahettasch/.m2/repository/org/sbml/jsbml/ext/jsbml-fbc/1.4/jsbml-fbc-1.4.jar:/home/theahettasch/.m2/repository/org/sbml/jsbml/ext/jsbml-groups/1.4/jsbml-groups-1.4.jar:/home/theahettasch/.m2/repository/org/sbml/jsbml/ext/jsbml-layout/1.4/jsbml-layout-1.4.jar:/home/theahettasch/.m2/repository/org/sbml/jsbml/ext/jsbml-multi/1.4/jsbml-multi-1.4.jar:/home/theahettasch/.m2/repository/org/sbml/jsbml/ext/jsbml-qual/1.4/jsbml-qual-1.4.jar:/home/theahettasch/.m2/repository/org/sbml/jsbml/ext/jsbml-render/1.4/jsbml-render-1.4.jar:/home/theahettasch/.m2/repository/org/sbml/jsbml/ext/jsbml-req/1.4/jsbml-req-1.4.jar:/home/theahettasch/.m2/repository/org/sbml/jsbml/ext/jsbml-spatial/1.4/jsbml-spatial-1.4.jar:/home/theahettasch/.m2/repository/org/sbml/jsbml/modules/jsbml-tidy/1.4/jsbml-tidy-1.4.jar:/home/theahettasch/.m2/repository/net/sf/jtidy/jtidy/r938/jtidy-r938.jar:/home/theahettasch/.m2/repository/org/antlr/antlr4-runtime/4.8/antlr4-runtime-4.8.jar:/home/theahettasch/.m2/repository/de/fosd/typechef/javabdd_repackaged/1.0b2/javabdd_repackaged-1.0b2.jar:/home/theahettasch/.m2/repository/org/scala-lang/scala-library/2.10.3/scala-library-2.10.3.jar:/home/theahettasch/.m2/repository/org/ow2/sat4j/org.ow2.sat4j.core/2.3.5/org.ow2.sat4j.core-2.3.5.jar:/home/theahettasch/.m2/repository/eu/druglogics/drabme/1.2.1/drabme-1.2.1.jar:/home/theahettasch/.m2/repository/com/googlecode/combinatoricslib/combinatoricslib/2.3/combinatoricslib-2.3.jar:/home/theahettasch/.m2/repository/org/junit/platform/junit-platform-launcher/1.5.2/junit-platform-launcher-1.5.2.jar:/home/theahettasch/.m2/repository/org/apiguardian/apiguardian-api/1.1.0/apiguardian-api-1.1.0.jar:/home/theahettasch/.m2/repository/org/junit/platform/junit-platform-engine/1.5.2/junit-platform-engine-1.5.2.jar:/home/theahettasch/.m2/repository/org/opentest4j/opentest4j/1.2.0/opentest4j-1.2.0.jar:/home/theahettasch/.m2/repository/org/junit/platform/junit-platform-commons/1.5.2/junit-platform-commons-1.5.2.jar:/home/theahettasch/.m2/repository/org/junit/jupiter/junit-jupiter-engine/5.5.2/junit-jupiter-engine-5.5.2.jar:/home/theahettasch/.m2/repository/org/junit/jupiter/junit-jupiter-api/5.5.2/junit-jupiter-api-5.5.2.jar:/home/theahettasch/.m2/repository/org/junit/vintage/junit-vintage-engine/5.5.2/junit-vintage-engine-5.5.2.jar:/home/theahettasch/.m2/repository/junit/junit/4.12/junit-4.12.jar:/home/theahettasch/.m2/repository/org/hamcrest/hamcrest-core/1.3/hamcrest-core-1.3.jar:"/>
    <property name="sun.cpu.endian" value="little"/>
    <property name="user.home" value="/home/theahettasch"/>
    <property name="user.language" value="en"/>
    <property name="java.specification.vendor" value="Oracle Corporation"/>
    <property name="java.version.date" value="2022-01-18"/>
    <property name="java.home" value="/usr/lib/jvm/java-11-openjdk-amd64"/>
    <property name="file.separator" value="/"/>
    <property name="basedir" value="/home/theahettasch/druglogics-synergy"/>
    <property name="java.vm.compressedOopsMode" value="32-bit"/>
    <property name="line.separator" value="&#10;"/>
    <property name="java.specification.name" value="Java Platform API Specification"/>
    <property name="java.vm.specification.vendor" value="Oracle Corporation"/>
    <property name="java.awt.graphicsenv" value="sun.awt.X11GraphicsEnvironment"/>
    <property name="sun.management.compiler" value="HotSpot 64-Bit Tiered Compilers"/>
    <property name="java.runtime.version" value="11.0.14+9-Ubuntu-0ubuntu2.20.04"/>
    <property name="user.name" value="theahettasch"/>
    <property name="path.separator" value=":"/>
    <property name="os.version" value="5.13.0-35-generic"/>
    <property name="java.runtime.name" value="OpenJDK Runtime Environment"/>
    <property name="file.encoding" value="UTF-8"/>
    <property name="java.vm.name" value="OpenJDK 64-Bit Server VM"/>
    <property name="localRepository" value="/home/theahettasch/.m2/repository"/>
    <property name="java.vendor.url.bug" value="https://bugs.launchpad.net/ubuntu/+source/openjdk-lts"/>
    <property name="java.io.tmpdir" value="/tmp"/>
    <property name="java.version" value="11.0.14"/>
    <property name="user.dir" value="/home/theahettasch/druglogics-synergy"/>
    <property name="os.arch" value="amd64"/>
    <property name="java.vm.specification.name" value="Java Virtual Machine Specification"/>
    <property name="java.awt.printerjob" value="sun.print.PSPrinterJob"/>
    <property name="sun.os.patch.level" value="unknown"/>
    <property name="java.library.path" value="/usr/java/packages/lib:/usr/lib/x86_64-linux-gnu/jni:/lib/x86_64-linux-gnu:/usr/lib/x86_64-linux-gnu:/usr/lib/jni:/lib:/usr/lib"/>
    <property name="java.vm.info" value="mixed mode, sharing"/>
    <property name="java.vendor" value="Ubuntu"/>
    <property name="java.vm.version" value="11.0.14+9-Ubuntu-0ubuntu2.20.04"/>
    <property name="sun.io.unicode.encoding" value="UnicodeLittle"/>
    <property name="java.class.version" value="55.0"/>
  </properties>
  <testcase name="test_contains" classname="eu.druglogics.synergy.InputFileIDsTest" time="0"/>
</testsuite>